c:\users\admin\source\repos\taxicompany1.6.1\taxicompany\x64\debug\vc143.pdb
c:\users\admin\source\repos\taxicompany1.6.1\taxicompany\x64\debug\vc143.idb
c:\users\admin\source\repos\taxicompany1.6.1\taxicompany\x64\debug\tripreservation.obj
c:\users\admin\source\repos\taxicompany1.6.1\taxicompany\x64\debug\taxicompany.obj
c:\users\admin\source\repos\taxicompany1.6.1\taxicompany\x64\debug\taxi.obj
c:\users\admin\source\repos\taxicompany1.6.1\taxicompany\x64\debug\ride.obj
c:\users\admin\source\repos\taxicompany1.6.1\taxicompany\x64\debug\privatetaxi.obj
c:\users\admin\source\repos\taxicompany1.6.1\taxicompany\x64\debug\person.obj
c:\users\admin\source\repos\taxicompany1.6.1\taxicompany\x64\debug\payment.obj
c:\users\admin\source\repos\taxicompany1.6.1\taxicompany\x64\debug\minibus.obj
c:\users\admin\source\repos\taxicompany1.6.1\taxicompany\x64\debug\main.obj
c:\users\admin\source\repos\taxicompany1.6.1\taxicompany\x64\debug\driver.obj
c:\users\admin\source\repos\taxicompany1.6.1\taxicompany\x64\debug\delivery.obj
c:\users\admin\source\repos\taxicompany1.6.1\taxicompany\x64\debug\date.obj
c:\users\admin\source\repos\taxicompany1.6.1\taxicompany\x64\debug\customer.obj
c:\users\admin\source\repos\taxicompany1.6.1\taxicompany\x64\debug\address.obj
c:\users\admin\source\repos\taxicompany1.6.1\x64\debug\taxicompany.exe
c:\users\admin\source\repos\taxicompany1.6.1\x64\debug\taxicompany.pdb
c:\users\admin\source\repos\taxicompany1.6.1\taxicompany\x64\debug\taxicompany.ilk
c:\users\admin\source\repos\taxicompany1.6.1\taxicompany\x64\debug\taxicompany.tlog\cl.command.1.tlog
c:\users\admin\source\repos\taxicompany1.6.1\taxicompany\x64\debug\taxicompany.tlog\cl.items.tlog
c:\users\admin\source\repos\taxicompany1.6.1\taxicompany\x64\debug\taxicompany.tlog\cl.read.1.tlog
c:\users\admin\source\repos\taxicompany1.6.1\taxicompany\x64\debug\taxicompany.tlog\cl.write.1.tlog
c:\users\admin\source\repos\taxicompany1.6.1\taxicompany\x64\debug\taxicompany.tlog\link.command.1.tlog
c:\users\admin\source\repos\taxicompany1.6.1\taxicompany\x64\debug\taxicompany.tlog\link.read.1.tlog
c:\users\admin\source\repos\taxicompany1.6.1\taxicompany\x64\debug\taxicompany.tlog\link.secondary.1.tlog
c:\users\admin\source\repos\taxicompany1.6.1\taxicompany\x64\debug\taxicompany.tlog\link.write.1.tlog
