  Address.cpp
C:\Users\Admin\source\repos\TaxiCompany2\Address.h(39,52): warning C4290: C++ exception specification ignored except to indicate a function is not __declspec(nothrow)
  (compiling source file 'Address.cpp')
  
C:\Users\Admin\source\repos\TaxiCompany2\Address.cpp(114,53): warning C4290: C++ exception specification ignored except to indicate a function is not __declspec(nothrow)
  Customer.cpp
  Date.cpp
C:\Users\Admin\source\repos\TaxiCompany2\Date.h(32,43): warning C4290: C++ exception specification ignored except to indicate a function is not __declspec(nothrow)
  (compiling source file 'Date.cpp')
  
C:\Users\Admin\source\repos\TaxiCompany2\Date.cpp(54,44): warning C4290: C++ exception specification ignored except to indicate a function is not __declspec(nothrow)
  Delivery.cpp
C:\Users\Admin\source\repos\TaxiCompany2\Address.h(39,52): warning C4290: C++ exception specification ignored except to indicate a function is not __declspec(nothrow)
  (compiling source file 'Delivery.cpp')
  
C:\Users\Admin\source\repos\TaxiCompany2\Date.h(32,43): warning C4290: C++ exception specification ignored except to indicate a function is not __declspec(nothrow)
  (compiling source file 'Delivery.cpp')
  
  Driver.cpp
C:\Users\Admin\source\repos\TaxiCompany2\Address.h(39,52): warning C4290: C++ exception specification ignored except to indicate a function is not __declspec(nothrow)
  (compiling source file 'Driver.cpp')
  
  main.cpp
C:\Users\Admin\source\repos\TaxiCompany2\Address.h(39,52): warning C4290: C++ exception specification ignored except to indicate a function is not __declspec(nothrow)
  (compiling source file 'main.cpp')
  
C:\Users\Admin\source\repos\TaxiCompany2\Date.h(32,43): warning C4290: C++ exception specification ignored except to indicate a function is not __declspec(nothrow)
  (compiling source file 'main.cpp')
  
C:\Users\Admin\source\repos\TaxiCompany2\TaxiCompany.h(38,68): warning C4290: C++ exception specification ignored except to indicate a function is not __declspec(nothrow)
  (compiling source file 'main.cpp')
  
C:\Users\Admin\source\repos\TaxiCompany2\TaxiCompany.h(39,43): warning C4290: C++ exception specification ignored except to indicate a function is not __declspec(nothrow)
  (compiling source file 'main.cpp')
  
  Minibus.cpp
  Payment.cpp
  Person.cpp
  PrivateTaxi.cpp
  Ride.cpp
C:\Users\Admin\source\repos\TaxiCompany2\Address.h(39,52): warning C4290: C++ exception specification ignored except to indicate a function is not __declspec(nothrow)
  (compiling source file 'Ride.cpp')
  
  Taxi.cpp
  TaxiCompany.cpp
C:\Users\Admin\source\repos\TaxiCompany2\Address.h(39,52): warning C4290: C++ exception specification ignored except to indicate a function is not __declspec(nothrow)
  (compiling source file 'TaxiCompany.cpp')
  
C:\Users\Admin\source\repos\TaxiCompany2\Date.h(32,43): warning C4290: C++ exception specification ignored except to indicate a function is not __declspec(nothrow)
  (compiling source file 'TaxiCompany.cpp')
  
C:\Users\Admin\source\repos\TaxiCompany2\TaxiCompany.h(38,68): warning C4290: C++ exception specification ignored except to indicate a function is not __declspec(nothrow)
  (compiling source file 'TaxiCompany.cpp')
  
C:\Users\Admin\source\repos\TaxiCompany2\TaxiCompany.h(39,43): warning C4290: C++ exception specification ignored except to indicate a function is not __declspec(nothrow)
  (compiling source file 'TaxiCompany.cpp')
  
C:\Users\Admin\source\repos\TaxiCompany2\TaxiCompany.cpp(12,88): warning C4290: C++ exception specification ignored except to indicate a function is not __declspec(nothrow)
C:\Users\Admin\source\repos\TaxiCompany2\TaxiCompany.cpp(68,52): warning C4290: C++ exception specification ignored except to indicate a function is not __declspec(nothrow)
C:\Users\Admin\source\repos\TaxiCompany2\TaxiCompany.cpp(477,53): warning C4244: 'argument': conversion from 'double' to 'int', possible loss of data
  TripReservation.cpp
C:\Users\Admin\source\repos\TaxiCompany2\Address.h(39,52): warning C4290: C++ exception specification ignored except to indicate a function is not __declspec(nothrow)
  (compiling source file 'TripReservation.cpp')
  
C:\Users\Admin\source\repos\TaxiCompany2\Date.h(32,43): warning C4290: C++ exception specification ignored except to indicate a function is not __declspec(nothrow)
  (compiling source file 'TripReservation.cpp')
  
  Generating Code...
  TaxiCompany.vcxproj -> C:\Users\Admin\source\repos\TaxiCompany2\x64\Debug\TaxiCompany.exe
